[debug] [2023-08-04T04:30:01.432Z] ----------------------------------------------------------------------
[debug] [2023-08-04T04:30:01.436Z] Command:       C:\Program Files\nodejs\node.exe C:\Users\Tung Do\AppData\Roaming\npm\node_modules\firebase-tools\lib\bin\firebase.js init functions
[debug] [2023-08-04T04:30:01.437Z] CLI Version:   12.4.7
[debug] [2023-08-04T04:30:01.437Z] Platform:      win32
[debug] [2023-08-04T04:30:01.438Z] Node Version:  v18.16.0
[debug] [2023-08-04T04:30:01.439Z] Time:          Fri Aug 04 2023 00:30:01 GMT-0400 (Eastern Daylight Time)
[debug] [2023-08-04T04:30:01.439Z] ----------------------------------------------------------------------
[debug] 
[debug] [2023-08-04T04:30:01.453Z] > command requires scopes: ["email","openid","https://www.googleapis.com/auth/cloudplatformprojects.readonly","https://www.googleapis.com/auth/firebase","https://www.googleapis.com/auth/cloud-platform"]
[debug] [2023-08-04T04:30:01.453Z] > authorizing via signed-in user (tungdo2911@gmail.com)
[info] 
     ######## #### ########  ######## ########     ###     ######  ########
     ##        ##  ##     ## ##       ##     ##  ##   ##  ##       ##
     ######    ##  ########  ######   ########  #########  ######  ######
     ##        ##  ##    ##  ##       ##     ## ##     ##       ## ##
     ##       #### ##     ## ######## ########  ##     ##  ######  ########

You're about to initialize a Firebase project in this directory:

  C:\Users\Tung Do\Desktop\rmit

[info] 
=== Project Setup
[info] 
[info] First, let's associate this project directory with a Firebase project.
[info] You can create multiple project aliases by running firebase use --add, 
[info] but for now we'll just set up a default project.
[info] 
[debug] [2023-08-04T04:30:20.308Z] >>> [apiv2][query] GET https://firebase.googleapis.com/v1beta1/projects pageSize=100
[debug] [2023-08-04T04:30:21.118Z] <<< [apiv2][status] GET https://firebase.googleapis.com/v1beta1/projects 200
[debug] [2023-08-04T04:30:21.118Z] <<< [apiv2][body] GET https://firebase.googleapis.com/v1beta1/projects [omitted]
[info] i  Using project notii-8e38a (notii) 
[info] 
=== Functions Setup
[debug] [2023-08-04T04:30:35.963Z] > command requires scopes: ["email","openid","https://www.googleapis.com/auth/cloudplatformprojects.readonly","https://www.googleapis.com/auth/firebase","https://www.googleapis.com/auth/cloud-platform"]
[debug] [2023-08-04T04:30:35.963Z] > authorizing via signed-in user (tungdo2911@gmail.com)
[debug] [2023-08-04T04:30:35.963Z] [iam] checking project notii-8e38a for permissions ["firebase.projects.get"]
[debug] [2023-08-04T04:30:35.963Z] >>> [apiv2][query] POST https://cloudresourcemanager.googleapis.com/v1/projects/notii-8e38a:testIamPermissions [none]
[debug] [2023-08-04T04:30:35.963Z] >>> [apiv2][(partial)header] POST https://cloudresourcemanager.googleapis.com/v1/projects/notii-8e38a:testIamPermissions x-goog-quota-user=projects/notii-8e38a
[debug] [2023-08-04T04:30:35.963Z] >>> [apiv2][body] POST https://cloudresourcemanager.googleapis.com/v1/projects/notii-8e38a:testIamPermissions {"permissions":["firebase.projects.get"]}
[debug] [2023-08-04T04:30:37.044Z] <<< [apiv2][status] POST https://cloudresourcemanager.googleapis.com/v1/projects/notii-8e38a:testIamPermissions 200
[debug] [2023-08-04T04:30:37.044Z] <<< [apiv2][body] POST https://cloudresourcemanager.googleapis.com/v1/projects/notii-8e38a:testIamPermissions {"permissions":["firebase.projects.get"]}
[debug] [2023-08-04T04:30:37.044Z] >>> [apiv2][query] GET https://serviceusage.googleapis.com/v1/projects/notii-8e38a/services/cloudfunctions.googleapis.com [none]
[debug] [2023-08-04T04:30:37.045Z] >>> [apiv2][(partial)header] GET https://serviceusage.googleapis.com/v1/projects/notii-8e38a/services/cloudfunctions.googleapis.com x-goog-quota-user=projects/notii-8e38a
[debug] [2023-08-04T04:30:37.046Z] >>> [apiv2][query] GET https://serviceusage.googleapis.com/v1/projects/notii-8e38a/services/runtimeconfig.googleapis.com [none]
[debug] [2023-08-04T04:30:37.046Z] >>> [apiv2][(partial)header] GET https://serviceusage.googleapis.com/v1/projects/notii-8e38a/services/runtimeconfig.googleapis.com x-goog-quota-user=projects/notii-8e38a
[debug] [2023-08-04T04:30:38.529Z] <<< [apiv2][status] GET https://serviceusage.googleapis.com/v1/projects/notii-8e38a/services/runtimeconfig.googleapis.com 200
[debug] [2023-08-04T04:30:38.529Z] <<< [apiv2][body] GET https://serviceusage.googleapis.com/v1/projects/notii-8e38a/services/runtimeconfig.googleapis.com [omitted]
[debug] [2023-08-04T04:30:38.543Z] <<< [apiv2][status] GET https://serviceusage.googleapis.com/v1/projects/notii-8e38a/services/cloudfunctions.googleapis.com 200
[debug] [2023-08-04T04:30:38.543Z] <<< [apiv2][body] GET https://serviceusage.googleapis.com/v1/projects/notii-8e38a/services/cloudfunctions.googleapis.com [omitted]
[debug] [2023-08-04T04:30:38.544Z] >>> [apiv2][query] POST https://serviceusage.googleapis.com/v1/projects/notii-8e38a/services/cloudfunctions.googleapis.com:enable [none]
[debug] [2023-08-04T04:30:38.544Z] >>> [apiv2][(partial)header] POST https://serviceusage.googleapis.com/v1/projects/notii-8e38a/services/cloudfunctions.googleapis.com:enable x-goog-quota-user=projects/notii-8e38a
[debug] [2023-08-04T04:30:40.369Z] <<< [apiv2][status] POST https://serviceusage.googleapis.com/v1/projects/notii-8e38a/services/cloudfunctions.googleapis.com:enable 200
[debug] [2023-08-04T04:30:40.369Z] <<< [apiv2][body] POST https://serviceusage.googleapis.com/v1/projects/notii-8e38a/services/cloudfunctions.googleapis.com:enable [omitted]
[debug] [2023-08-04T04:30:50.383Z] >>> [apiv2][query] GET https://serviceusage.googleapis.com/v1/projects/notii-8e38a/services/cloudfunctions.googleapis.com [none]
[debug] [2023-08-04T04:30:50.383Z] >>> [apiv2][(partial)header] GET https://serviceusage.googleapis.com/v1/projects/notii-8e38a/services/cloudfunctions.googleapis.com x-goog-quota-user=projects/notii-8e38a
[debug] [2023-08-04T04:30:51.740Z] <<< [apiv2][status] GET https://serviceusage.googleapis.com/v1/projects/notii-8e38a/services/cloudfunctions.googleapis.com 200
[debug] [2023-08-04T04:30:51.740Z] <<< [apiv2][body] GET https://serviceusage.googleapis.com/v1/projects/notii-8e38a/services/cloudfunctions.googleapis.com [omitted]
[info] Let's create a new codebase for your functions.
[info] A directory corresponding to the codebase will be created in your project
[info] with sample code pre-configured.

[info] See https://firebase.google.com/docs/functions/organize-functions for
[info] more information on organizing your functions using codebases.

[info] Functions can be deployed with firebase deploy.

